<?xml version="1.0" encoding="UTF-8" ?>
<testsuite tests="4" failures="0" name="model.KitapTest" time="0.072" errors="0" skipped="0">
  <properties>
[...]
</properties>
  <testcase classname="model.KitapTest" name="model.KitapTest.testListele" time="0.023"/>
  <testcase classname="model.KitapTest" name="model.KitapTest.testAra" time="0.016"/>
  <testcase classname="model.KitapTest" name="model.KitapTest.testEkleSil" time="0.016"/>
  <testcase classname="model.KitapTest" name="model.KitapTest.testGuncelle" time="0.017"/>
</testsuite>